2025-08-22 22:54:11 INFO [SSS.System:172] === 統一日誌系統初始化完成 ===
2025-08-22 22:54:11 INFO [SSS.System:173] 檔案日誌啟用: True
2025-08-22 22:54:11 INFO [SSS.System:174] 日誌目錄: C:\Stock_reserach\SSS096\analysis\log
2025-08-22 22:54:12 INFO [dash.dash:2160] Dash is running on http://127.0.0.1:8050/

2025-08-22 22:54:13 INFO [SSS.System:1320] single 回測結果: 總報酬率 = 3130.13%, 交易次數=24
2025-08-22 22:54:13 INFO [SSS.System:1320] single 回測結果: 總報酬率 = 3130.13%, 交易次數=24
2025-08-22 22:54:14 INFO [SSS.System:1320] single 回測結果: 總報酬率 = 3333.94%, 交易次數=23
2025-08-22 22:54:14 INFO [SSS.System:1320] single 回測結果: 總報酬率 = 3333.94%, 交易次數=23
2025-08-22 22:54:15 INFO [SSS.System:1320] single 回測結果: 總報酬率 = 1925.98%, 交易次數=21
2025-08-22 22:54:15 INFO [SSS.System:1320] single 回測結果: 總報酬率 = 1925.98%, 交易次數=21
2025-08-22 22:54:16 INFO [SSS.System:1320] RMA 回測結果: 總報酬率 = 1797.39%, 交易次數=12
2025-08-22 22:54:16 INFO [SSS.System:1320] RMA 回測結果: 總報酬率 = 1797.39%, 交易次數=12
2025-08-22 22:54:17 INFO [SSS.System:1320] RMA 回測結果: 總報酬率 = 2023.51%, 交易次數=10
2025-08-22 22:54:17 INFO [SSS.System:1320] RMA 回測結果: 總報酬率 = 2023.51%, 交易次數=10
2025-08-22 22:54:17 INFO [SSS.System:1320] ssma_turn 回測結果: 總報酬率 = 2616.17%, 交易次數=20
2025-08-22 22:54:17 INFO [SSS.System:1320] ssma_turn 回測結果: 總報酬率 = 2616.17%, 交易次數=20
2025-08-22 22:54:18 INFO [SSS.System:1320] ssma_turn 回測結果: 總報酬率 = 2440.49%, 交易次數=13
2025-08-22 22:54:18 INFO [SSS.System:1320] ssma_turn 回測結果: 總報酬率 = 2440.49%, 交易次數=13
2025-08-22 22:54:19 INFO [SSS.System:1320] ssma_turn 回測結果: 總報酬率 = 3317.75%, 交易次數=14
2025-08-22 22:54:19 INFO [SSS.System:1320] ssma_turn 回測結果: 總報酬率 = 3317.75%, 交易次數=14
2025-08-22 22:54:20 INFO [SSS.System:1320] ssma_turn 回測結果: 總報酬率 = 2128.33%, 交易次數=31
2025-08-22 22:54:20 INFO [SSS.System:1320] ssma_turn 回測結果: 總報酬率 = 2128.33%, 交易次數=31
2025-08-22 22:54:20 INFO [SSS.System:1320] ssma_turn 回測結果: 總報酬率 = 3174.82%, 交易次數=13
2025-08-22 22:54:20 INFO [SSS.System:1320] ssma_turn 回測結果: 總報酬率 = 3174.82%, 交易次數=13
2025-08-22 22:54:21 INFO [SSS.System:1320] ssma_turn 回測結果: 總報酬率 = 4547.86%, 交易次數=13
2025-08-22 22:54:21 INFO [SSS.System:1320] ssma_turn 回測結果: 總報酬率 = 4547.86%, 交易次數=13
2025-08-22 22:54:25 INFO [runners.ensemble_runner:38] [Ensemble] 執行成功: Majority_66_of_120, 權益曲線長度=2642, 交易數=217
2025-08-22 22:54:25 INFO [runners.ensemble_runner:38] [Ensemble] 執行成功: Majority_66_of_120, 權益曲線長度=2642, 交易數=217
2025-08-22 22:54:29 INFO [runners.ensemble_runner:38] [Ensemble] 執行成功: Proportional_N120, 權益曲線長度=2642, 交易數=390
2025-08-22 22:54:30 INFO [runners.ensemble_runner:38] [Ensemble] 執行成功: Proportional_N120, 權益曲線長度=2642, 交易數=390
2025-08-22 23:09:01 INFO [SSS.System:1320] single 回測結果: 總報酬率 = 3130.13%, 交易次數=24
2025-08-22 23:09:04 INFO [SSS.System:1320] single 回測結果: 總報酬率 = 3333.94%, 交易次數=23
2025-08-22 23:09:06 INFO [SSS.System:1320] single 回測結果: 總報酬率 = 1925.98%, 交易次數=21
2025-08-22 23:09:09 INFO [SSS.System:1320] RMA 回測結果: 總報酬率 = 1797.39%, 交易次數=12
2025-08-22 23:09:11 INFO [SSS.System:1320] RMA 回測結果: 總報酬率 = 2023.51%, 交易次數=10
2025-08-22 23:09:14 INFO [SSS.System:1320] ssma_turn 回測結果: 總報酬率 = 2616.17%, 交易次數=20
2025-08-22 23:09:18 INFO [SSS.System:1320] ssma_turn 回測結果: 總報酬率 = 2440.49%, 交易次數=13
2025-08-22 23:09:21 INFO [SSS.System:1320] ssma_turn 回測結果: 總報酬率 = 3317.75%, 交易次數=14
2025-08-22 23:09:25 INFO [SSS.System:1320] ssma_turn 回測結果: 總報酬率 = 2128.33%, 交易次數=31
2025-08-22 23:09:29 INFO [SSS.System:1320] ssma_turn 回測結果: 總報酬率 = 3174.82%, 交易次數=13
2025-08-22 23:09:32 INFO [SSS.System:1320] ssma_turn 回測結果: 總報酬率 = 4547.86%, 交易次數=13
2025-08-22 23:09:38 INFO [runners.ensemble_runner:38] [Ensemble] 執行成功: Majority_66_of_120, 權益曲線長度=2642, 交易數=217
2025-08-22 23:09:44 INFO [runners.ensemble_runner:38] [Ensemble] 執行成功: Proportional_N120, 權益曲線長度=2642, 交易數=390
2025-08-23 01:12:28 INFO [SSS.System:1320] single 回測結果: 總報酬率 = 3175.71%, 交易次數=24
2025-08-23 01:12:29 INFO [SSS.System:1320] single 回測結果: 總報酬率 = 3175.71%, 交易次數=24
2025-08-23 01:12:29 INFO [SSS.System:1320] single 回測結果: 總報酬率 = 3382.38%, 交易次數=23
2025-08-23 01:12:30 INFO [SSS.System:1320] single 回測結果: 總報酬率 = 3382.38%, 交易次數=23
2025-08-23 01:12:30 INFO [SSS.System:1320] single 回測結果: 總報酬率 = 1954.59%, 交易次數=21
2025-08-23 01:12:30 INFO [SSS.System:1320] single 回測結果: 總報酬率 = 1954.59%, 交易次數=21
2025-08-23 01:12:31 INFO [SSS.System:1320] RMA 回測結果: 總報酬率 = 1824.15%, 交易次數=12
2025-08-23 01:12:31 INFO [SSS.System:1320] RMA 回測結果: 總報酬率 = 1824.15%, 交易次數=12
2025-08-23 01:12:31 INFO [SSS.System:1320] RMA 回測結果: 總報酬率 = 2023.51%, 交易次數=10
2025-08-23 01:12:32 INFO [SSS.System:1320] RMA 回測結果: 總報酬率 = 2023.51%, 交易次數=10
2025-08-23 01:12:32 INFO [SSS.System:1320] ssma_turn 回測結果: 總報酬率 = 2616.17%, 交易次數=20
2025-08-23 01:12:32 INFO [SSS.System:1320] ssma_turn 回測結果: 總報酬率 = 2616.17%, 交易次數=20
2025-08-23 01:12:33 INFO [SSS.System:1320] ssma_turn 回測結果: 總報酬率 = 2476.36%, 交易次數=13
2025-08-23 01:12:33 INFO [SSS.System:1320] ssma_turn 回測結果: 總報酬率 = 2476.36%, 交易次數=13
2025-08-23 01:12:33 INFO [SSS.System:1320] ssma_turn 回測結果: 總報酬率 = 3365.94%, 交易次數=14
2025-08-23 01:12:34 INFO [SSS.System:1320] ssma_turn 回測結果: 總報酬率 = 3365.94%, 交易次數=14
2025-08-23 01:12:34 INFO [SSS.System:1320] ssma_turn 回測結果: 總報酬率 = 2159.80%, 交易次數=31
2025-08-23 01:12:34 INFO [SSS.System:1320] ssma_turn 回測結果: 總報酬率 = 2159.80%, 交易次數=31
2025-08-23 01:12:35 INFO [SSS.System:1320] ssma_turn 回測結果: 總報酬率 = 3174.82%, 交易次數=13
2025-08-23 01:12:35 INFO [SSS.System:1320] ssma_turn 回測結果: 總報酬率 = 3174.82%, 交易次數=13
2025-08-23 01:12:35 INFO [SSS.System:1320] ssma_turn 回測結果: 總報酬率 = 4613.44%, 交易次數=13
2025-08-23 01:12:35 INFO [SSS.System:1320] ssma_turn 回測結果: 總報酬率 = 4613.44%, 交易次數=13
2025-08-23 01:12:39 INFO [runners.ensemble_runner:38] [Ensemble] 執行成功: Majority_66_of_120, 權益曲線長度=2643, 交易數=217
2025-08-23 01:12:39 INFO [runners.ensemble_runner:38] [Ensemble] 執行成功: Majority_66_of_120, 權益曲線長度=2643, 交易數=217
2025-08-23 01:12:43 INFO [runners.ensemble_runner:38] [Ensemble] 執行成功: Proportional_N120, 權益曲線長度=2643, 交易數=390
2025-08-23 01:12:43 INFO [runners.ensemble_runner:38] [Ensemble] 執行成功: Proportional_N120, 權益曲線長度=2643, 交易數=390
